<?xml version="1.0" encoding="UTF-8"?>
<testng-results ignored="0" total="1" passed="1" failed="0" skipped="0">
  <reporter-output>
  </reporter-output>
  <suite started-at="2026-09-23T14:36:15 IST" name="Surefire suite" finished-at="2026-09-23T14:36:18 IST" duration-ms="3682">
    <groups>
    </groups>
    <test started-at="2026-09-23T14:36:15 IST" name="Surefire test" finished-at="2026-09-23T14:36:18 IST" duration-ms="3682">
      <class name="com.mvnproject.tests.loginTest">
        <test-method is-config="true" signature="setUp()[pri:0, instance:com.mvnproject.tests.loginTest@281e3708]" started-at="2026-09-23T14:36:15 IST" name="setUp" finished-at="2026-09-23T14:36:18 IST" duration-ms="3050" status="PASS">
          <reporter-output>
          </reporter-output>
        </test-method> <!-- setUp -->
        <test-method signature="loginToApplication()[pri:0, instance:com.mvnproject.tests.loginTest@281e3708]" started-at="2026-09-23T14:36:18 IST" name="loginToApplication" description="Login to the application" finished-at="2026-09-23T14:36:18 IST" duration-ms="428" status="PASS">
          <reporter-output>
          </reporter-output>
        </test-method> <!-- loginToApplication -->
        <test-method is-config="true" signature="tearDown()[pri:0, instance:com.mvnproject.tests.loginTest@281e3708]" started-at="2026-09-23T14:36:18 IST" name="tearDown" finished-at="2026-09-23T14:36:18 IST" duration-ms="176" status="PASS">
          <reporter-output>
          </reporter-output>
        </test-method> <!-- tearDown -->
      </class> <!-- com.mvnproject.tests.loginTest -->
    </test> <!-- Surefire test -->
  </suite> <!-- Surefire suite -->
</testng-results>
