<?xml version="1.0" encoding="UTF-8"?>
<testng-results ignored="0" total="1" passed="1" failed="0" skipped="0">
  <reporter-output>
  </reporter-output>
  <suite started-at="2026-09-22T17:01:28 IST" name="Surefire suite" finished-at="2026-09-22T17:01:31 IST" duration-ms="2712">
    <groups>
    </groups>
    <test started-at="2026-09-22T17:01:28 IST" name="Surefire test" finished-at="2026-09-22T17:01:31 IST" duration-ms="2712">
      <class name="com.mvnproject.tests.loginTest">
        <test-method is-config="true" signature="setUp()[pri:0, instance:com.mvnproject.tests.loginTest@281e3708]" started-at="2026-09-22T17:01:28 IST" name="setUp" finished-at="2026-09-22T17:01:30 IST" duration-ms="2088" status="PASS">
          <reporter-output>
          </reporter-output>
        </test-method> <!-- setUp -->
        <test-method signature="loginToApplication()[pri:0, instance:com.mvnproject.tests.loginTest@281e3708]" started-at="2026-09-22T17:01:30 IST" name="loginToApplication" description="Login to the application" finished-at="2026-09-22T17:01:31 IST" duration-ms="430" status="PASS">
          <reporter-output>
          </reporter-output>
        </test-method> <!-- loginToApplication -->
        <test-method is-config="true" signature="tearDown()[pri:0, instance:com.mvnproject.tests.loginTest@281e3708]" started-at="2026-09-22T17:01:31 IST" name="tearDown" finished-at="2026-09-22T17:01:31 IST" duration-ms="169" status="PASS">
          <reporter-output>
          </reporter-output>
        </test-method> <!-- tearDown -->
      </class> <!-- com.mvnproject.tests.loginTest -->
    </test> <!-- Surefire test -->
  </suite> <!-- Surefire suite -->
</testng-results>
